This is pdfTeX, Version 3.14159265-2.6-1.40.15 (TeX Live 2014) (preloaded format=pdflatex 2014.5.25)  13 SEP 2015 13:20
entering extended mode
 restricted \write18 enabled.
 %&-line parsing enabled.
**static/static/assignment1.tex
(./static/static/assignment1.tex
LaTeX2e <2014/05/01>
Babel <3.9k> and hyphenation patterns for 78 languages loaded.
(/usr/local/texlive/2014/texmf-dist/tex/latex/base/article.cls
Document Class: article 2007/10/19 v1.4h Standard LaTeX document class
(/usr/local/texlive/2014/texmf-dist/tex/latex/base/size12.clo
File: size12.clo 2007/10/19 v1.4h Standard LaTeX file (size option)
)
\c@part=\count79
\c@section=\count80
\c@subsection=\count81
\c@subsubsection=\count82
\c@paragraph=\count83
\c@subparagraph=\count84
\c@figure=\count85
\c@table=\count86
\abovecaptionskip=\skip41
\belowcaptionskip=\skip42
\bibindent=\dimen102
)
No file assignment1.aux.
\openout1 = `assignment1.aux'.

LaTeX Font Info:    Checking defaults for OML/cmm/m/it on input line 6.
LaTeX Font Info:    ... okay on input line 6.
LaTeX Font Info:    Checking defaults for T1/cmr/m/n on input line 6.
LaTeX Font Info:    ... okay on input line 6.
LaTeX Font Info:    Checking defaults for OT1/cmr/m/n on input line 6.
LaTeX Font Info:    ... okay on input line 6.
LaTeX Font Info:    Checking defaults for OMS/cmsy/m/n on input line 6.
LaTeX Font Info:    ... okay on input line 6.
LaTeX Font Info:    Checking defaults for OMX/cmex/m/n on input line 6.
LaTeX Font Info:    ... okay on input line 6.
LaTeX Font Info:    Checking defaults for U/cmr/m/n on input line 6.
LaTeX Font Info:    ... okay on input line 6.

! LaTeX Error: No \title given.

See the LaTeX manual or LaTeX Companion for explanation.
Type  H <return>  for immediate help.
 ...                                              
                                                  
l.7 \maketitle
              
Try typing  <return>  to proceed.
If that doesn't work, type  X <return>  to quit.

LaTeX Font Info:    External font `cmex10' loaded for size
(Font)              <14.4> on input line 7.
LaTeX Font Info:    External font `cmex10' loaded for size
(Font)              <7> on input line 7.
LaTeX Font Info:    External font `cmex10' loaded for size
(Font)              <12> on input line 13.
LaTeX Font Info:    External font `cmex10' loaded for size
(Font)              <8> on input line 13.
LaTeX Font Info:    External font `cmex10' loaded for size
(Font)              <6> on input line 13.
! Misplaced alignment tab character &.
l.15 885 885 85. mummcmmdw 6&
                             3 >0 808 83 5 8mm: 8 82802 :55 50> .083
I can't figure out why you would want to use a tab mark
here. If you just want an ampersand, the remedy is
simple: Just type `I\&' now. But if some right brace
up above has ended a previous alignment prematurely,
you're probably due for more error messages, and you
might try typing `S' now just to see what is salvageable.

! You can't use `macro parameter character #' in math mode.
l.17 50 5855535 2: #
                    553 AS 50> mm 562 8 E0 585: .85 ME Sm 5035555
Sorry, but I'm not programmed to handle this case;
I'll just pretend that you didn't ask for it.
If you're in the wrong mode, you might be able to
return to the right one by typing `I}' or `I$' or `I\par'.

! Missing $ inserted.
<inserted text> 
                $
l.18 
     
I've inserted a begin-math/end-math symbol since I think
you left one out. Proceed, with fingers crossed.


Overfull \hbox (56.62173pt too wide) in paragraph at lines 13--18
[]\OT1/cmr/m/n/12 00 5.50:8 000m 8 809: 85.55 85 86 30:0 52: $05058\OML/cmm/m/i
t/12 :\OT1/cmr/m/n/12 828503558885500288085885\OML/cmm/m/it/12 :\OT1/cmr/m/n/12
 00\OML/cmm/m/it/12 me\OT1/cmr/m/n/12 8 :
 []


Overfull \hbox (11.11725pt too wide) in paragraph at lines 13--18
\OML/cmm/m/it/12 :\OT1/cmr/m/n/12 0838503585255852\OML/cmm/m/it/12 meof\OT1/cmr
/m/n/12 5 : 3\OML/cmm/m/it/12 Amy\OT1/cmr/m/n/12 0555850505\OML/cmm/m/it/12 :\O
T1/cmr/m/n/12 05\OML/cmm/m/it/12 me \OT1/cmr/m/n/12 : 530 : 8\OML/cmm/m/it/12 E
:\OT1/cmr/m/n/12 8555058555352 :
 []


Overfull \hbox (56.52716pt too wide) in paragraph at lines 23--30
\OT1/cmr/m/n/12 00\OML/cmm/m/it/12 :\OT1/cmr/m/n/12 53500850050308\OML/cmm/m/it
/12 :m\OT1/cmr/m/n/12 05855\OML/cmm/m/it/12 w[]m < :\OT1/cmr/m/n/12 86\OML/cmm/
m/it/12 :\OT1/cmr/m/n/12 53850\OML/cmm/m/it/12 :\OT1/cmr/m/n/12 5885055\OML/cmm
/m/it/12 :\OT1/cmr/m/n/12 88050 \OML/cmm/m/it/12 > \OT1/cmr/m/n/12 255\OML/cmm/
m/it/12 mA\OT1/cmr/m/n/12 0883885\OML/cmm/m/it/12 m\OT1/cmr/m/n/12 838$500
 []

! Missing $ inserted.
<inserted text> 
                $
l.52 8585835_
              5 .50 5.295 058505.50 5m :0 8.58.8.5 58:55:85 8500 on 205,.
I've inserted a begin-math/end-math symbol since I think
you left one out. Proceed, with fingers crossed.

! Missing $ inserted.
<inserted text> 
                $
l.53 
     
I've inserted a begin-math/end-math symbol since I think
you left one out. Proceed, with fingers crossed.

[1

{/usr/local/texlive/2014/texmf-var/fonts/map/pdftex/updmap/pdftex.map}]
! Missing $ inserted.
<inserted text> 
                $
l.63 8w:_
         0::\>xm5>>> I 03.03 mscooEwcm
I've inserted a begin-math/end-math symbol since I think
you left one out. Proceed, with fingers crossed.

! Missing $ inserted.
<inserted text> 
                $
l.64 
     
I've inserted a begin-math/end-math symbol since I think
you left one out. Proceed, with fingers crossed.

[2] (./assignment1.aux) ) 
Here is how much of TeX's memory you used:
 227 strings out of 493117
 2525 string characters out of 6135433
 55909 words of memory out of 5000000
 3768 multiletter control sequences out of 15000+600000
 7588 words of font info for 27 fonts, out of 8000000 for 9000
 1141 hyphenation exceptions out of 8191
 22i,6n,19p,131b,187s stack positions out of 5000i,500n,10000p,200000b,80000s
</usr/local/texlive/2014/texmf-dist/fonts/type1/public
/amsfonts/cm/cmmi12.pfb></usr/local/texlive/2014/texmf-dist/fonts/type1/public/
amsfonts/cm/cmmi8.pfb></usr/local/texlive/2014/texmf-dist/fonts/type1/public/am
sfonts/cm/cmr12.pfb></usr/local/texlive/2014/texmf-dist/fonts/type1/public/amsf
onts/cm/cmr8.pfb>
Output written on assignment1.pdf (2 pages, 47892 bytes).
PDF statistics:
 27 PDF objects out of 1000 (max. 8388607)
 18 compressed objects within 1 object stream
 0 named destinations out of 1000 (max. 500000)
 1 words of extra memory for PDF output out of 10000 (max. 10000000)

